<?xml version="1.0" encoding="UTF-8"?>
<testsuites name="New Test Suite" time="8.663" tests="1" failures="0" errors="0">
   <testsuite name="New Test Suite" tests="1" failures="0" errors="0" time="8.663" skipped="0" timestamp="2025-12-11T20:19:15.408Z" hostname="nabeel - 192.168.1.30" id="Test Suites/New Test Suite">
      <properties>
         <property name="deviceName" value=""/>
         <property name="devicePlatform"/>
         <property name="logFolder" value="/Users/nabeel/git/Test3suit/Reports/20251212_014913/New Test Suite/20251212_014913"/>
         <property name="logFiles" value="/Users/nabeel/git/Test3suit/Reports/20251212_014913/New Test Suite/20251212_014913/execution0.log, /Users/nabeel/git/Test3suit/Reports/20251212_014913/New Test Suite/20251212_014913/console0.log"/>
         <property name="attachments" value=""/>
         <property name="hostName" value="nabeel - 192.168.1.30"/>
         <property name="os" value="Mac OS X 64bit"/>
         <property name="katalonVersion" value="10.4.2.0"/>
         <property name="browser" value="Chrome 142.0.7444.176"/>
         <property name="userFullName" value="Nabeel Shaikh"/>
         <property name="hostAddress" value="192.168.1.30"/>
         <property name="sessionId" value="46df226aab3f03fdc55f6a85f21c5fee"/>
         <property name="projectName" value="Test3suit"/>
         <property name="seleniumVersion" value="4.34.0"/>
         <property name="proxyInformation" value="ProxyInformation { proxyOption=NO_PROXY, proxyServerType=HTTP, username=, password=********, proxyServerAddress=, proxyServerPort=0, executionList=&quot;&quot;, isApplyToDesiredCapabilities=true }"/>
         <property name="platform" value="Mac OS X"/>
      </properties>
      <testcase name="Test Cases/New Test Case" time="8.426" classname="Test Cases/New Test Case" status="PASSED">
         <system-out><![CDATA[12-12-2025T01:49:15 - [TEST_CASE][PASSED] - Test Cases/New Test Case: Test Cases/New Test Case

12-12-2025T01:49:15 - [TEST_STEP][PASSED] - openBrowser(""): Browser is opened with url: ''

12-12-2025T01:49:15 - [MESSAGE][INFO] - Starting 'Chrome' driver

12-12-2025T01:49:15 - [MESSAGE][INFO] - User set preference: ['args', '[--window-size=1500,1000, --remote-allow-origins=*]']

12-12-2025T01:49:15 - [MESSAGE][INFO] - Action delay is set to 0 milliseconds

12-12-2025T01:49:18 - [MESSAGE][PASSED] - Browser is opened with url: ''

12-12-2025T01:49:18 - [TEST_STEP][PASSED] - navigateToUrl("https://katalon-demo-cura.herokuapp.com/"): Navigate to 'https://katalon-demo-cura.herokuapp.com/' successfully

12-12-2025T01:49:22 - [MESSAGE][PASSED] - Navigate to 'https://katalon-demo-cura.herokuapp.com/' successfully

12-12-2025T01:49:22 - [TEST_STEP][PASSED] - click(findTestObject("Object Repository/Page_CURA Healthcare Service/a_btn-make-appointment")): Object: 'Object Repository/Page_CURA Healthcare Service/a_btn-make-appointment' is clicked on

12-12-2025T01:49:23 - [MESSAGE][PASSED] - Object: 'Object Repository/Page_CURA Healthcare Service/a_btn-make-appointment' is clicked on

12-12-2025T01:49:23 - [TEST_STEP][PASSED] - verifyElementText(findTestObject("Object Repository/Page_CURA Healthcare Service/h2_Login"), "Login"): Actual text and expected text of test object 'Object Repository/Page_CURA Healthcare Service/h2_Login' are matched.

12-12-2025T01:49:23 - [MESSAGE][PASSED] - Actual text and expected text of test object 'Object Repository/Page_CURA Healthcare Service/h2_Login' are matched.

12-12-2025T01:49:23 - [TEST_STEP][PASSED] - verifyElementPresent(findTestObject("Object Repository/Page_CURA Healthcare Service/h2_Login"), 0): Object 'Object Repository/Page_CURA Healthcare Service/h2_Login' is present

12-12-2025T01:49:23 - [MESSAGE][WARNING] - Timeout '0' is invalid. Using default page load timeout: '10'

12-12-2025T01:49:23 - [MESSAGE][PASSED] - Object 'Object Repository/Page_CURA Healthcare Service/h2_Login' is present

12-12-2025T01:49:24 - [TEST_STEP][PASSED] - Video: Video recording for test case 'Test Cases/New Test Case' .

12-12-2025T01:49:24 - [MESSAGE][INFO] - Video recording for test case 'Test Cases/New Test Case' .]]></system-out>
         <system-err><![CDATA[]]></system-err>
      </testcase>
      <system-out><![CDATA[12-12-2025T01:49:15 - [TEST_SUITE][PASSED] - New Test Suite: null]]></system-out>
      <system-err><![CDATA[]]></system-err>
   </testsuite>
</testsuites>
